  game.cpp
C:\Users\angdo\C++ files\breda-ant-game\game.cpp(113,28): warning C4244: '=': conversion from 'double' to 'float', possible loss of data
C:\Users\angdo\C++ files\breda-ant-game\game.cpp(544,86): warning C4244: 'argument': conversion from 'int' to 'float', possible loss of data
C:\Users\angdo\C++ files\breda-ant-game\game.cpp(544,65): warning C4244: 'argument': conversion from 'int' to 'float', possible loss of data
C:\Users\angdo\C++ files\breda-ant-game\game.cpp(544,44): warning C4244: 'argument': conversion from 'int' to 'float', possible loss of data
C:\Users\angdo\C++ files\breda-ant-game\game.cpp(544,23): warning C4244: 'argument': conversion from 'int' to 'float', possible loss of data
C:\Users\angdo\C++ files\breda-ant-game\game.cpp(545,86): warning C4244: 'argument': conversion from 'int' to 'float', possible loss of data
C:\Users\angdo\C++ files\breda-ant-game\game.cpp(545,65): warning C4244: 'argument': conversion from 'int' to 'float', possible loss of data
C:\Users\angdo\C++ files\breda-ant-game\game.cpp(545,44): warning C4244: 'argument': conversion from 'int' to 'float', possible loss of data
C:\Users\angdo\C++ files\breda-ant-game\game.cpp(545,23): warning C4244: 'argument': conversion from 'int' to 'float', possible loss of data
C:\Users\angdo\C++ files\breda-ant-game\game.cpp(625,162): warning C4244: 'argument': conversion from 'int' to 'float', possible loss of data
C:\Users\angdo\C++ files\breda-ant-game\game.cpp(625,123): warning C4244: 'argument': conversion from 'int' to 'float', possible loss of data
C:\Users\angdo\C++ files\breda-ant-game\game.cpp(625,84): warning C4244: 'argument': conversion from 'int' to 'float', possible loss of data
C:\Users\angdo\C++ files\breda-ant-game\game.cpp(625,45): warning C4244: 'argument': conversion from 'int' to 'float', possible loss of data
C:\Users\angdo\C++ files\breda-ant-game\game.cpp(626,162): warning C4244: 'argument': conversion from 'int' to 'float', possible loss of data
C:\Users\angdo\C++ files\breda-ant-game\game.cpp(626,123): warning C4244: 'argument': conversion from 'int' to 'float', possible loss of data
C:\Users\angdo\C++ files\breda-ant-game\game.cpp(626,84): warning C4244: 'argument': conversion from 'int' to 'float', possible loss of data
C:\Users\angdo\C++ files\breda-ant-game\game.cpp(626,45): warning C4244: 'argument': conversion from 'int' to 'float', possible loss of data
     Creating library C:\Users\angdo\C++ files\breda-ant-game\breda-ant-game_x86.lib and object C:\Users\angdo\C++ files\breda-ant-game\breda-ant-game_x86.exp
  tmpl_2019-08.vcxproj -> C:\Users\angdo\C++ files\breda-ant-game\breda-ant-game_x86.exe
